<?xml version="1.0" encoding="UTF-8"?>
<testng-results skipped="0" failed="0" ignored="0" total="1" passed="1">
  <reporter-output>
  </reporter-output>
  <suite name="Default suite" duration-ms="127203" started-at="2021-12-02T06:07:36Z" finished-at="2021-12-02T06:09:43Z">
    <groups>
    </groups>
    <test name="Default test" duration-ms="127203" started-at="2021-12-02T06:07:36Z" finished-at="2021-12-02T06:09:43Z">
      <class name="com.mertyazilim.tests.CheckoutWithSignIN">
        <test-method status="PASS" signature="beforeSuit()[pri:0, instance:com.mertyazilim.tests.CheckoutWithSignIN@5bc79255]" name="beforeSuit" is-config="true" duration-ms="408" started-at="2021-12-02T06:07:36Z" finished-at="2021-12-02T06:07:36Z">
          <reporter-output>
          </reporter-output>
        </test-method> <!-- beforeSuit -->
        <test-method status="PASS" signature="setExtent(org.testng.ITestContext)[pri:0, instance:com.mertyazilim.tests.CheckoutWithSignIN@5bc79255]" name="setExtent" is-config="true" duration-ms="440" started-at="2021-12-02T06:07:36Z" finished-at="2021-12-02T06:07:37Z">
          <params>
            <param index="0">
              <value>
                <![CDATA[org.testng.TestRunner@e041f0c]]>
              </value>
            </param>
          </params>
          <reporter-output>
          </reporter-output>
        </test-method> <!-- setExtent -->
        <test-method status="PASS" signature="beforeMethod(java.lang.reflect.Method)[pri:0, instance:com.mertyazilim.tests.CheckoutWithSignIN@5bc79255]" name="beforeMethod" is-config="true" duration-ms="16222" started-at="2021-12-02T06:07:37Z" finished-at="2021-12-02T06:07:53Z">
          <params>
            <param index="0">
              <value>
                <![CDATA[public void com.mertyazilim.tests.CheckoutWithSignIN.testCheckout() throws java.io.IOException,java.lang.InterruptedException]]>
              </value>
            </param>
          </params>
          <reporter-output>
          </reporter-output>
        </test-method> <!-- beforeMethod -->
        <test-method status="PASS" signature="testCheckout()[pri:0, instance:com.mertyazilim.tests.CheckoutWithSignIN@5bc79255]" name="testCheckout" duration-ms="103877" started-at="2021-12-02T06:07:53Z" finished-at="2021-12-02T06:09:37Z">
          <reporter-output>
          </reporter-output>
        </test-method> <!-- testCheckout -->
        <test-method status="PASS" signature="tearDown(org.testng.ITestResult, java.lang.reflect.Method)[pri:0, instance:com.mertyazilim.tests.CheckoutWithSignIN@5bc79255]" name="tearDown" is-config="true" duration-ms="6122" started-at="2021-12-02T06:09:37Z" finished-at="2021-12-02T06:09:43Z">
          <params>
            <param index="0">
              <value>
                <![CDATA[[TestResult name=testCheckout status=SUCCESS method=CheckoutWithSignIN.testCheckout()[pri:0, instance:com.mertyazilim.tests.CheckoutWithSignIN@5bc79255] output={null}]]]>
              </value>
            </param>
            <param index="1">
              <value>
                <![CDATA[public void com.mertyazilim.tests.CheckoutWithSignIN.testCheckout() throws java.io.IOException,java.lang.InterruptedException]]>
              </value>
            </param>
          </params>
          <reporter-output>
          </reporter-output>
        </test-method> <!-- tearDown -->
        <test-method status="PASS" signature="endReport()[pri:0, instance:com.mertyazilim.tests.CheckoutWithSignIN@5bc79255]" name="endReport" is-config="true" duration-ms="475" started-at="2021-12-02T06:09:43Z" finished-at="2021-12-02T06:09:43Z">
          <reporter-output>
          </reporter-output>
        </test-method> <!-- endReport -->
        <test-method status="PASS" signature="endSuit()[pri:0, instance:com.mertyazilim.tests.CheckoutWithSignIN@5bc79255]" name="endSuit" is-config="true" duration-ms="0" started-at="2021-12-02T06:09:44Z" finished-at="2021-12-02T06:09:44Z">
          <reporter-output>
          </reporter-output>
        </test-method> <!-- endSuit -->
      </class> <!-- com.mertyazilim.tests.CheckoutWithSignIN -->
    </test> <!-- Default test -->
  </suite> <!-- Default suite -->
</testng-results>
